
**** Build of configuration Debug for project lab1 ****

"C:\\ti\\ccsv8\\utils\\bin\\gmake" -k -j 8 all -O 
 
Building file: "../main.c"
Invoking: ARM Compiler
"C:/ti/ccsv8/tools/compiler/ti-cgt-arm_18.1.1.LTS/bin/armcl" -mv7M4 --code_state=16 --float_support=FPv4SPD16 -me --include_path="C:/ti/ccsv8/ccs_base/arm/include" --include_path="D:/uf2018/eel4930-microp2/labs/lab1/lab1/lab1/BoardSupportPackage/DriverLib" --include_path="C:/ti/ccsv8/ccs_base/arm/include/CMSIS" --include_path="D:/uf2018/eel4930-microp2/labs/lab1/lab1/lab1" --include_path="C:/ti/ccsv8/tools/compiler/ti-cgt-arm_18.1.1.LTS/include" --advice:power="all" --define=__MSP432P401R__ --define=TARGET_IS_MSP432P4XX --define=ccs -g --gcc --diag_warning=225 --diag_wrap=off --display_error_number --abi=eabi --preproc_with_compile --preproc_dependency="main.d_raw"  "../main.c"
"../main.c", line 48: warning #552-D: variable "temp" was set but never used
"../main.c", line 55: remark #2623-D: (ULP 5.4) Detected an assignment to a type with size less than int. To avoid unnecessary sign extension, use int-sized types for local varaibles and convert to smaller types for static storage.
"../main.c", line 56: remark #2623-D: (ULP 5.4) Detected an assignment to a type with size less than int. To avoid unnecessary sign extension, use int-sized types for local varaibles and convert to smaller types for static storage.
"../main.c", line 124: remark #1527-D: (ULP 2.1) Detected SW delay loop using empty loop. Recommend using a timer module instead
"../main.c", line 162: remark #2623-D: (ULP 5.4) Detected an assignment to a type with size less than int. To avoid unnecessary sign extension, use int-sized types for local varaibles and convert to smaller types for static storage.
"../main.c", line 172: remark #2623-D: (ULP 5.4) Detected an assignment to a type with size less than int. To avoid unnecessary sign extension, use int-sized types for local varaibles and convert to smaller types for static storage.
"../main.c", line 174: remark #2623-D: (ULP 5.4) Detected an assignment to a type with size less than int. To avoid unnecessary sign extension, use int-sized types for local varaibles and convert to smaller types for static storage.
"../main.c", line 188: warning #225-D: function "snprintf" declared implicitly
"../main.c", line 222: warning #169-D: argument of type "char (*)[4]" is incompatible with parameter of type "uint8_t **"
"../main.c", line 223: warning #169-D: argument of type "char (*)[4]" is incompatible with parameter of type "uint8_t *"
"../main.c", line 187: warning #179-D: variable "magic_square" was declared but never referenced
"../main.c", line 188: remark #1532-D: (ULP 5.3) Detected snprintf() operation(s). Recommend moving them to RAM during run time or not using as these are processing/power intensive
"../main.c", line 225: remark #1532-D: (ULP 5.3) Detected snprintf() operation(s). Recommend moving them to RAM during run time or not using as these are processing/power intensive
"../main.c", line 228: remark #1532-D: (ULP 5.3) Detected snprintf() operation(s). Recommend moving them to RAM during run time or not using as these are processing/power intensive
"../main.c", line 231: remark #1532-D: (ULP 5.3) Detected snprintf() operation(s). Recommend moving them to RAM during run time or not using as these are processing/power intensive
"../main.c", line 10: remark #1534-D: (ULP 7.1) Detected use of global variable "Uart115200Config" within one function "serial_init". Recommend placing variable in the function locally
Finished building: "../main.c"
 
Building target: "lab1.out"
Invoking: ARM Linker
"C:/ti/ccsv8/tools/compiler/ti-cgt-arm_18.1.1.LTS/bin/armcl" -mv7M4 --code_state=16 --float_support=FPv4SPD16 -me --advice:power="all" --define=__MSP432P401R__ --define=TARGET_IS_MSP432P4XX --define=ccs -g --gcc --diag_warning=225 --diag_wrap=off --display_error_number --abi=eabi -z -m"lab1.map" --heap_size=1024 --stack_size=512 -i"C:/ti/ccsv8/ccs_base/arm/include" -i"C:/ti/ccsv8/tools/compiler/ti-cgt-arm_18.1.1.LTS/lib" -i"C:/ti/ccsv8/tools/compiler/ti-cgt-arm_18.1.1.LTS/include" --reread_libs --diag_wrap=off --display_error_number --warn_sections --xml_link_info="lab1_linkInfo.xml" --rom_model -o "lab1.out" "./fletcher16.obj" "./main.obj" "./startup_msp432p401r_ccs.obj" "./system_msp432p401r.obj" "../msp432p401r.cmd" "../BoardSupportPackage/DriverLib/msp432p4xx_driverlib.lib"  -llibc.a 
<Linking>
remark #10371-D: (ULP 1.1) Detected no uses of low power mode state changing instructions
Finished building target: "lab1.out"
 

**** Build Finished ****
